<?xml version="1.0" encoding="UTF-8" ?>
<testsuite tests="2" failures="0" name="com.example.TestGreeter" time="0.105" errors="0" skipped="0">
  <properties>
    <property name="JOB_NAME" value="maven"/>
    <property name="java.vendor" value="Eclipse Adoptium"/>
    <property name="PWD" value="/"/>
    <property name="sun.java.launcher" value="SUN_STANDARD"/>
    <property name="RUN_TESTS_DISPLAY_URL" value="http://10.0.28.139:8080/job/maven/15/display/redirect?page=tests"/>
    <property name="sun.management.compiler" value="HotSpot 64-Bit Tiered Compilers"/>
    <property name="JENKINS_HOME" value="/var/jenkins_home"/>
    <property name="PATH" value="/opt/java/openjdk/bin:/usr/local/sbin:/usr/local/bin:/usr/sbin:/usr/bin:/sbin:/bin"/>
    <property name="JENKINS_INCREMENTALS_REPO_MIRROR" value="https://repo.jenkins-ci.org/incrementals"/>
    <property name="HUDSON_SERVER_COOKIE" value="a6ba50530fb5d36b"/>
    <property name="POM_ARTIFACTID" value="maven-project"/>
    <property name="os.name" value="Linux"/>
    <property name="EXECUTOR_NUMBER" value="0"/>
    <property name="JENKINS_SLAVE_AGENT_PORT" value="50000"/>
    <property name="java.vm.specification.vendor" value="Oracle Corporation"/>
    <property name="POM_DISPLAYNAME" value="Maven Project"/>
    <property name="NODE_LABELS" value="built-in"/>
    <property name="java.runtime.version" value="11.0.14.1+1"/>
    <property name="user.name" value="jenkins"/>
    <property name="guice.disable.misplaced.annotation.check" value="true"/>
    <property name="user.language" value="en"/>
    <property name="JENKINS_UC" value="https://updates.jenkins.io"/>
    <property name="JOB_BASE_NAME" value="maven"/>
    <property name="RUN_CHANGES_DISPLAY_URL" value="http://10.0.28.139:8080/job/maven/15/display/redirect?page=changes"/>
    <property name="BUILD_DISPLAY_NAME" value="#15"/>
    <property name="sun.boot.library.path" value="/opt/java/openjdk/lib"/>
    <property name="GIT_PREVIOUS_SUCCESSFUL_COMMIT" value="a5d31450333616826273846844b9dd1aabfb6a83"/>
    <property name="COPY_REFERENCE_FILE_LOG" value="/var/jenkins_home/copy_reference_file.log"/>
    <property name="java.vm.compressedOopsMode" value="32-bit"/>
    <property name="java.version" value="11.0.14.1"/>
    <property name="user.timezone" value="Etc/UTC"/>
    <property name="sun.arch.data.model" value="64"/>
    <property name="NODE_NAME" value="built-in"/>
    <property name="BUILD_ID" value="15"/>
    <property name="sun.cpu.isalist" value=""/>
    <property name="sun.jnu.encoding" value="UTF-8"/>
    <property name="maven.conf" value="/var/jenkins_home/apache-maven-3.6.3/conf"/>
    <property name="file.separator" value="/"/>
    <property name="java.specification.name" value="Java Platform API Specification"/>
    <property name="java.class.version" value="55.0"/>
    <property name="org.slf4j.simpleLogger.defaultLogLevel" value="info"/>
    <property name="securerandom.source" value="file:/dev/./urandom"/>
    <property name="java.home" value="/opt/java/openjdk"/>
    <property name="java.vm.info" value="mixed mode"/>
    <property name="os.version" value="5.13.0-35-generic"/>
    <property name="JENKINS_UC_EXPERIMENTAL" value="https://updates.jenkins.io/experimental"/>
    <property name="RUN_DISPLAY_URL" value="http://10.0.28.139:8080/job/maven/15/display/redirect"/>
    <property name="POM_VERSION" value="1.0-SNAPSHOT"/>
    <property name="sun.font.fontmanager" value="sun.awt.X11FontManager"/>
    <property name="path.separator" value=":"/>
    <property name="RUN_ARTIFACTS_DISPLAY_URL" value="http://10.0.28.139:8080/job/maven/15/display/redirect?page=artifacts"/>
    <property name="java.vm.version" value="11.0.14.1+1"/>
    <property name="GIT_PREVIOUS_COMMIT" value="a5d31450333616826273846844b9dd1aabfb6a83"/>
    <property name="JOB_DISPLAY_URL" value="http://10.0.28.139:8080/job/maven/display/redirect"/>
    <property name="SHLVL" value="0"/>
    <property name="java.awt.printerjob" value="sun.print.PSPrinterJob"/>
    <property name="JAVA_HOME" value="/opt/java/openjdk"/>
    <property name="sun.io.unicode.encoding" value="UnicodeLittle"/>
    <property name="awt.toolkit" value="sun.awt.X11.XToolkit"/>
    <property name="POM_PACKAGING" value="pom"/>
    <property name="HOME" value="/var/jenkins_home"/>
    <property name="POM_GROUPID" value="com.example.maven-project"/>
    <property name="user.home" value="/var/jenkins_home"/>
    <property name="BUILD_TAG" value="jenkins-maven-15"/>
    <property name="JENKINS_SERVER_COOKIE" value="a6ba50530fb5d36b"/>
    <property name="HUDSON_URL" value="http://10.0.28.139:8080/"/>
    <property name="java.version.date" value="2022-02-08"/>
    <property name="java.specification.vendor" value="Oracle Corporation"/>
    <property name="CLASSPATH" value=""/>
    <property name="java.library.path" value="/usr/java/packages/lib:/usr/lib64:/lib64:/lib:/usr/lib"/>
    <property name="java.vendor.url" value="https://adoptium.net/"/>
    <property name="java.vm.vendor" value="Eclipse Adoptium"/>
    <property name="java.runtime.name" value="OpenJDK Runtime Environment"/>
    <property name="maven.home" value="/var/jenkins_home/apache-maven-3.6.3"/>
    <property name="sun.java.command" value="jenkins.maven3.agent.Maven35Main /var/jenkins_home/apache-maven-3.6.3 /var/jenkins_home/war/WEB-INF/lib/remoting-4.12.jar /var/jenkins_home/plugins/maven-plugin/WEB-INF/lib/maven35-interceptor-1.13.jar /var/jenkins_home/plugins/maven-plugin/WEB-INF/lib/maven3-interceptor-commons-1.13.jar 39175"/>
    <property name="java.class.path" value="/var/jenkins_home/plugins/maven-plugin/WEB-INF/lib/maven35-agent-1.13.jar:/var/jenkins_home/apache-maven-3.6.3/boot/plexus-classworlds-2.6.0.jar:/var/jenkins_home/apache-maven-3.6.3/conf/logging"/>
    <property name="JENKINS_VERSION" value="2.332.1"/>
    <property name="jdk.debug" value="release"/>
    <property name="java.vm.specification.name" value="Java Virtual Machine Specification"/>
    <property name="java.vm.specification.version" value="11"/>
    <property name="M2_HOME" value="/var/jenkins_home/apache-maven-3.6.3"/>
    <property name="sun.cpu.endian" value="little"/>
    <property name="sun.os.patch.level" value="unknown"/>
    <property name="HOSTNAME" value="58bc8306e660"/>
    <property name="CI" value="true"/>
    <property name="java.io.tmpdir" value="/tmp"/>
    <property name="HUDSON_HOME" value="/var/jenkins_home"/>
    <property name="PATH+MAVEN" value="/var/jenkins_home/apache-maven-3.6.3/bin"/>
    <property name="java.vendor.url.bug" value="https://github.com/adoptium/adoptium-support/issues"/>
    <property name="BUILD_URL" value="http://10.0.28.139:8080/job/maven/15/"/>
    <property name="os.arch" value="amd64"/>
    <property name="java.awt.graphicsenv" value="sun.awt.X11GraphicsEnvironment"/>
    <property name="user.dir" value="/var/jenkins_home/workspace/maven"/>
    <property name="JOB_URL" value="http://10.0.28.139:8080/job/maven/"/>
    <property name="MAVEN_HOME" value="/var/jenkins_home/apache-maven-3.6.3"/>
    <property name="line.separator" value="
"/>
    <property name="java.vm.name" value="OpenJDK 64-Bit Server VM"/>
    <property name="BUILD_NUMBER" value="15"/>
    <property name="REF" value="/usr/share/jenkins/ref"/>
    <property name="JENKINS_URL" value="http://10.0.28.139:8080/"/>
    <property name="GIT_BRANCH" value="origin/master"/>
    <property name="GIT_COMMIT" value="a5d31450333616826273846844b9dd1aabfb6a83"/>
    <property name="LANG" value="C.UTF-8"/>
    <property name="file.encoding" value="UTF-8"/>
    <property name="maven3.interceptor" value="/var/jenkins_home/plugins/maven-plugin/WEB-INF/lib/maven35-interceptor-1.13.jar"/>
    <property name="WORKSPACE_TMP" value="/var/jenkins_home/workspace/maven@tmp"/>
    <property name="WORKSPACE" value="/var/jenkins_home/workspace/maven"/>
    <property name="maven3.interceptor.common" value="/var/jenkins_home/plugins/maven-plugin/WEB-INF/lib/maven3-interceptor-commons-1.13.jar"/>
    <property name="java.specification.version" value="11"/>
    <property name="java.vendor.version" value="Temurin-11.0.14.1+1"/>
    <property name="GIT_URL" value="https://github.com/ValaxyTech/hello-world.git"/>
  </properties>
  <testcase classname="com.example.TestGreeter" name="greetShouldIncludeGreetingPhrase" time="0.009"/>
  <testcase classname="com.example.TestGreeter" name="greetShouldIncludeTheOneBeingGreeted" time="0"/>
</testsuite>